


ARM Macro Assembler    Page 1 


    1 00000000         ; Filename:     main.s 
    2 00000000         ; Author:       REPLACE WITH YOUR NAMES 
    3 00000000         ; Description:  
    4 00000000                 export           __main
    5 00000000                 import           problem1
    6 00000000                 import           SIZE
    7 00000000                 import           SRC
    8 00000000         
    9 00000000         
   10 00000000         
   11 00000000         ;Indicating where the CODE section of the program starts
                       
   12 00000000                 AREA             FLASH, CODE, READONLY
   13 00000000 00000002 
                       SRC_ASM DCD              2
   14 00000004 00000001        DCD              1
   15 00000008 00000065        DCD              101
   16 0000000C 00000004        DCD              4
   17 00000010 00000064        DCD              100
   18 00000014 00000033        DCD              51
   19 00000018 0000004C        DCD              76
   20 0000001C 000000C8        DCD              200
   21 00000020 00000046        DCD              70
   22 00000024 FFFFFFFF        DCD              -1
   23 00000028 00000010        DCD              16
   24 0000002C 0000002C        DCD              44
   25 00000030 00000021        DCD              33
   26 00000034 000000C9        DCD              201
   27 00000038 00000009        DCD              9
   28 0000003C 00000011        DCD              17
   29 00000040         
   30 00000040         
   31 00000040         
   32 00000040         ;**********************************************
   33 00000040         ; main program start
   34 00000040         ;**********************************************
   35 00000040         __main
   36 00000040 4804            LDR              R0, =(SIZE)
   37 00000042 F04F 0110       MOV              R1, #16
   38 00000046 6001            STR              R1, [R0]
   39 00000048         
   40 00000048 4803            LDR              R0, =(SRC_ASM)
   41 0000004A 4904            LDR              R1, =(SRC)
   42 0000004C 6008            STR              R0, [R1]
   43 0000004E F7FF FFFE       BL               problem1
   44 00000052 E7FE            B                __main
   45 00000054                 ALIGN
   46 00000054         
   47 00000054                 END
              00000000 
              00000000 
              00000000 
Command Line: --debug --xref --cpu=Cortex-M4 --apcs=interwork --depend=main.d -
omain.o -IQ:\uVision4.5\ARM\RV31\Inc -IQ:\uVision4.5\ARM\CMSIS\Include -IQ:\uVi
sion4.5\ARM\Inc\Luminary --predefine="__EVAL SETA 1" --predefine="__MICROLIB SE
TA 1" --list=main.lst main.s



ARM Macro Assembler    Page 1 Alphabetic symbol ordering
Relocatable symbols

FLASH 00000000

Symbol: FLASH
   Definitions
      At line 12 in file main.s
   Uses
      None
Comment: FLASH unused
SRC_ASM 00000000

Symbol: SRC_ASM
   Definitions
      At line 13 in file main.s
   Uses
      At line 40 in file main.s
Comment: SRC_ASM used once
__main 00000040

Symbol: __main
   Definitions
      At line 35 in file main.s
   Uses
      At line 4 in file main.s
      At line 44 in file main.s

3 symbols



ARM Macro Assembler    Page 1 Alphabetic symbol ordering
External symbols

SIZE 00000000

Symbol: SIZE
   Definitions
      At line 6 in file main.s
   Uses
      At line 36 in file main.s
Comment: SIZE used once
SRC 00000000

Symbol: SRC
   Definitions
      At line 7 in file main.s
   Uses
      At line 41 in file main.s
Comment: SRC used once
problem1 00000000

Symbol: problem1
   Definitions
      At line 5 in file main.s
   Uses
      At line 43 in file main.s
Comment: problem1 used once
3 symbols
340 symbols in table
