


ARM Macro Assembler    Page 1 


    1 00000000                 export           problem2
    2 00000000                 export           NUM1
    3 00000000                 export           NUM2
    4 00000000                 export           TOTAL
    5 00000000         
    6 00000000 00000004 
                       WORD    EQU              4
    7 00000000         
    8 00000000                 AREA             FLASH, CODE, READONLY
    9 00000000                 ALIGN
   10 00000000         
   11 00000000         ;*******************************************************
                       ***********************
   12 00000000         ; Initialize address 0x20000000 to the values defined in
                        problem 1
   13 00000000         ;*******************************************************
                       ***********************
   14 00000000         problem2
   15 00000000         
   16 00000000 E92D 5FFF       PUSH             {R0-R12, LR}
   17 00000004         
   18 00000004         ;*******************************************************
                       ***********************
   19 00000004         ; DO NOT MODIFY ABOVE
   20 00000004         ;*******************************************************
                       ***********************
   21 00000004         
   22 00000004         ;*******************************************************
                       ***********************
   23 00000004         ; ADD CODE BELOW
   24 00000004         ;*******************************************************
                       ***********************
   25 00000004         
   26 00000004 4817            LDR              R0, =(NUM1) ; Loads Num1
   27 00000006 4918            LDR              R1, =(NUM2) ; Loads Num2
   28 00000008 F8DF B060       LDR              R11, =(CARRY) ; Loads Carry mem
                                                            ory address 
   29 0000000C F8DF C060       LDR              R12, =(TOTAL) ; Loads the Total
                                                             memory address
   30 00000010 F04F 0301       MOV              R3, #1      ; #1 constant for t
                                                            he carry bit
   31 00000014 F8D0 9000       LDR              R9, [R0]    ; First value of Nu
                                                            m1
   32 00000018 F8D1 A000       LDR              R10, [R1]   ; First value of Nu
                                                            m2
   33 0000001C         
   34 0000001C F246 6266 
              F2C0 6266        MOV32            R2, #0x06666666 ;
   35 00000024 EB19 0202       ADDS             R2, R9, R2  ; Checks to see if 
                                                            valid BCD #
   36 00000028 EB12 030A       ADDS             R3, R2, R10 ; Adds the two numb
                                                            ers
   37 0000002C EA92 040A       EORS             R4, R2, R10
   38 00000030 EA93 0504       EORS             R5, R3, R4
   39 00000034         
   40 00000034 EA6F 0505       MVN              R5, R5      ; Nots the value in
                                                             R5
   41 00000038 F241 1610 
              F2C1 1611        MOV32            R6, #0x11111110



ARM Macro Assembler    Page 2 


   42 00000040 402E            ANDS             R6, R5, R6
   43 00000042         
   44 00000042 F04F 0201       MOV              R2, #1      ; #1 constant for t
                                                            he carry bit
   45 00000046         
   46 00000046 08B7            LSRS             R7, R6, #2  ; Right bit shifts 
                                                            by 2
   47 00000048 EA5F 08D6       LSRS             R8, R6, #3  ; And by 3
   48 0000004C EA57 0908       ORRS             R9, R7, R8  ; And then ORs the 
                                                            two shifted values
   49 00000050 EBB3 0A09       SUBS             R10, R3, R9
   50 00000054         
   51 00000054 BF48 F8CB 
              2000             STRMI            R2, [R11]
   52 0000005A         
   53 0000005A         
   54 0000005A F8CC A000       STR              R10, [R12]  ; Stores the result
                                                            
   55 0000005E         
   56 0000005E         
   57 0000005E         
   58 0000005E         ;*******************************************************
                       ***********************
   59 0000005E         ; DO NOT MODIFY BELOW
   60 0000005E         ;*******************************************************
                       ***********************
   61 0000005E         
   62 0000005E E8BD 9FFF       POP              {R0-R12, PC}
   63 00000062 00 00           ALIGN
   64 00000064         
   65 00000064 00000000 
              00000000 
              00000000 
              00000000         AREA             SRAM, READWRITE
   66 00000000 00 00 00 
              00       NUM1    SPACE            WORD*1
   67 00000004 00 00 00 
              00       NUM2    SPACE            WORD*1
   68 00000008 00 00 00 
              00       TOTAL   SPACE            WORD*1
   69 0000000C 00 00 00 
              00       CARRY   SPACE            WORD*1
   70 00000010                 END
Command Line: --debug --xref --cpu=Cortex-M4 --apcs=interwork --depend=p2.d -op
2.o -IQ:\uVision4.5\ARM\RV31\Inc -IQ:\uVision4.5\ARM\CMSIS\Include -IQ:\uVision
4.5\ARM\Inc\Luminary --predefine="__EVAL SETA 1" --predefine="__MICROLIB SETA 1
" --list=p2.lst p2.s



ARM Macro Assembler    Page 1 Alphabetic symbol ordering
Relocatable symbols

FLASH 00000000

Symbol: FLASH
   Definitions
      At line 8 in file p2.s
   Uses
      None
Comment: FLASH unused
problem2 00000000

Symbol: problem2
   Definitions
      At line 14 in file p2.s
   Uses
      At line 1 in file p2.s
Comment: problem2 used once
2 symbols



ARM Macro Assembler    Page 1 Alphabetic symbol ordering
Relocatable symbols

CARRY 0000000C

Symbol: CARRY
   Definitions
      At line 69 in file p2.s
   Uses
      At line 28 in file p2.s
Comment: CARRY used once
NUM1 00000000

Symbol: NUM1
   Definitions
      At line 66 in file p2.s
   Uses
      At line 2 in file p2.s
      At line 26 in file p2.s

NUM2 00000004

Symbol: NUM2
   Definitions
      At line 67 in file p2.s
   Uses
      At line 3 in file p2.s
      At line 27 in file p2.s

SRAM 00000000

Symbol: SRAM
   Definitions
      At line 65 in file p2.s
   Uses
      None
Comment: SRAM unused
TOTAL 00000008

Symbol: TOTAL
   Definitions
      At line 68 in file p2.s
   Uses
      At line 4 in file p2.s
      At line 29 in file p2.s

5 symbols



ARM Macro Assembler    Page 1 Alphabetic symbol ordering
Absolute symbols

WORD 00000004

Symbol: WORD
   Definitions
      At line 6 in file p2.s
   Uses
      At line 66 in file p2.s
      At line 67 in file p2.s
      At line 68 in file p2.s
      At line 69 in file p2.s

1 symbol
342 symbols in table
